<?xml version="1.0" encoding="UTF-8"?>
<!-- Generated by org.testng.reporters.JUnitXMLReporter -->
<testsuite hostname="DESKTOP-1G7VPMV" ignored="4" name="Test" tests="2" failures="1" timestamp="09 May 2019 17:09:36 GMT" time="29.305" errors="0">
  <testcase name="verifyLoginValid_TC04" time="6.002" classname="vtiger.tests.LoginTest"/>
  <testcase name="CreateLeadTC005" time="0.0" classname="vtiger.tests.LeadsTest">
    <failure type="java.lang.NullPointerException">
      <![CDATA[java.lang.NullPointerException
	at vtiger.Pages.LoginPage.login(LoginPage.java:32)
	at vtiger.tests.LeadsTest.CreateLeadTC005(LeadsTest.java:32)
... Removed 28 stack frames]]>
    </failure>
  </testcase> <!-- CreateLeadTC005 -->
  <testcase name="ConvertCreatedLead" time="0.0" classname="vtiger.tests.LeadsTest">
    <ignored/>
  </testcase> <!-- ConvertCreatedLead -->
  <testcase name="verifyLoginInValid_TC03" time="0.0" classname="vtiger.tests.LoginTest">
    <ignored/>
  </testcase> <!-- verifyLoginInValid_TC03 -->
  <testcase name="verifyLoginlogoTC002" time="0.0" classname="vtiger.tests.LoginTest">
    <ignored/>
  </testcase> <!-- verifyLoginlogoTC002 -->
  <testcase name="verifyLoginTitleTC001" time="0.0" classname="vtiger.tests.LoginTest">
    <ignored/>
  </testcase> <!-- verifyLoginTitleTC001 -->
</testsuite> <!-- Test -->
