-------------------------------------------------------------------------------
Test set: TestSuite
-------------------------------------------------------------------------------
Tests run: 2, Failures: 1, Errors: 0, Skipped: 0, Time elapsed: 30.534 sec <<< FAILURE! - in TestSuite
CreateLeadTC005(vtiger.tests.LeadsTest)  Time elapsed: 0.097 sec  <<< FAILURE!
java.lang.NullPointerException: null
	at vtiger.Pages.LoginPage.login(LoginPage.java:32)
	at vtiger.tests.LeadsTest.CreateLeadTC005(LeadsTest.java:32)

