<?xml version="1.0" encoding="UTF-8"?>
<testsuite name="TestSuite" time="6.096" tests="2" errors="0" skipped="0" failures="1">
  <properties>
[...]
</properties>
  <testcase name="verifyLoginValid_TC04" classname="vtiger.tests.LoginTest" time="5.999"/>
  <testcase name="CreateLeadTC005" classname="vtiger.tests.LeadsTest" time="0.097">
    <failure type="java.lang.NullPointerException:">java.lang.NullPointerException: null
	at vtiger.Pages.LoginPage.login(LoginPage.java:32)
	at vtiger.tests.LeadsTest.CreateLeadTC005(LeadsTest.java:32)
</failure>
    <system-err><![CDATA[Starting ChromeDriver 74.0.3729.6 (255758eccf3d244491b8a1317aa76e1ce10d57e9-refs/branch-heads/3729@{#29}) on port 11129
Only local connections are allowed.
Please protect ports used by ChromeDriver and related test frameworks to prevent access by malicious code.
May 09, 2019 10:39:30 PM org.openqa.selenium.remote.ProtocolHandshake createSession
INFO: Detected dialect: OSS
]]></system-err>
  </testcase>
</testsuite>