<?xml version="1.0" encoding="UTF-8"?>
<testng-results skipped="0" failed="1" ignored="4" total="6" passed="1">
  <reporter-output>
  </reporter-output>
  <suite name="Suite" duration-ms="29305" started-at="2019-05-09T17:09:07Z" finished-at="2019-05-09T17:09:36Z">
    <groups>
      <group name="Sanity">
        <method signature="LeadsTest.CreateLeadTC005()[pri:0, instance:vtiger.tests.LeadsTest@af7cc2]" name="CreateLeadTC005" class="vtiger.tests.LeadsTest"/>
        <method signature="LoginTest.verifyLoginValid_TC04()[pri:0, instance:vtiger.tests.LoginTest@5bef66]" name="verifyLoginValid_TC04" class="vtiger.tests.LoginTest"/>
      </group> <!-- Sanity -->
      <group name="regression">
        <method signature="LeadsTest.CreateLeadTC005()[pri:0, instance:vtiger.tests.LeadsTest@af7cc2]" name="CreateLeadTC005" class="vtiger.tests.LeadsTest"/>
        <method signature="LoginTest.verifyLoginValid_TC04()[pri:0, instance:vtiger.tests.LoginTest@5bef66]" name="verifyLoginValid_TC04" class="vtiger.tests.LoginTest"/>
      </group> <!-- regression -->
      <group name="Smoke">
        <method signature="LoginTest.verifyLoginValid_TC04()[pri:0, instance:vtiger.tests.LoginTest@5bef66]" name="verifyLoginValid_TC04" class="vtiger.tests.LoginTest"/>
      </group> <!-- Smoke -->
    </groups>
    <test name="Test" duration-ms="29305" started-at="2019-05-09T17:09:07Z" finished-at="2019-05-09T17:09:36Z">
      <class name="vtiger.tests.LoginTest">
        <test-method status="PASS" signature="Start()[pri:0, instance:vtiger.tests.LoginTest@5bef66]" name="Start" is-config="true" duration-ms="12204" started-at="2019-05-09T22:39:07Z" finished-at="2019-05-09T22:39:19Z">
          <reporter-output>
          </reporter-output>
        </test-method> <!-- Start -->
        <test-method status="PASS" signature="verifyLoginValid_TC04()[pri:0, instance:vtiger.tests.LoginTest@5bef66]" name="verifyLoginValid_TC04" duration-ms="6002" started-at="2019-05-09T22:39:19Z" finished-at="2019-05-09T22:39:25Z">
          <reporter-output>
          </reporter-output>
        </test-method> <!-- verifyLoginValid_TC04 -->
      </class> <!-- vtiger.tests.LoginTest -->
      <class name="vtiger.tests.LeadsTest">
        <test-method status="PASS" signature="Start()[pri:0, instance:vtiger.tests.LeadsTest@af7cc2]" name="Start" is-config="true" duration-ms="10967" started-at="2019-05-09T22:39:25Z" finished-at="2019-05-09T22:39:36Z">
          <reporter-output>
          </reporter-output>
        </test-method> <!-- Start -->
        <test-method status="FAIL" signature="CreateLeadTC005()[pri:0, instance:vtiger.tests.LeadsTest@af7cc2]" name="CreateLeadTC005" duration-ms="0" started-at="2019-05-09T22:39:36Z" finished-at="2019-05-09T22:39:36Z">
          <exception class="java.lang.NullPointerException">
            <full-stacktrace>
              <![CDATA[java.lang.NullPointerException
	at vtiger.Pages.LoginPage.login(LoginPage.java:32)
	at vtiger.tests.LeadsTest.CreateLeadTC005(LeadsTest.java:32)
	at sun.reflect.NativeMethodAccessorImpl.invoke0(Native Method)
	at sun.reflect.NativeMethodAccessorImpl.invoke(NativeMethodAccessorImpl.java:62)
	at sun.reflect.DelegatingMethodAccessorImpl.invoke(DelegatingMethodAccessorImpl.java:43)
	at java.lang.reflect.Method.invoke(Method.java:498)
	at org.testng.internal.MethodInvocationHelper.invokeMethod(MethodInvocationHelper.java:104)
	at org.testng.internal.Invoker.invokeMethod(Invoker.java:645)
	at org.testng.internal.Invoker.invokeTestMethod(Invoker.java:851)
	at org.testng.internal.Invoker.invokeTestMethods(Invoker.java:1177)
	at org.testng.internal.TestMethodWorker.invokeTestMethods(TestMethodWorker.java:129)
	at org.testng.internal.TestMethodWorker.run(TestMethodWorker.java:112)
	at org.testng.TestRunner.privateRun(TestRunner.java:756)
	at org.testng.TestRunner.run(TestRunner.java:610)
	at org.testng.SuiteRunner.runTest(SuiteRunner.java:387)
	at org.testng.SuiteRunner.runSequentially(SuiteRunner.java:382)
	at org.testng.SuiteRunner.privateRun(SuiteRunner.java:340)
	at org.testng.SuiteRunner.run(SuiteRunner.java:289)
	at org.testng.SuiteRunnerWorker.runSuite(SuiteRunnerWorker.java:52)
	at org.testng.SuiteRunnerWorker.run(SuiteRunnerWorker.java:86)
	at org.testng.TestNG.runSuitesSequentially(TestNG.java:1293)
	at org.testng.TestNG.runSuitesLocally(TestNG.java:1218)
	at org.testng.TestNG.runSuites(TestNG.java:1133)
	at org.testng.TestNG.run(TestNG.java:1104)
	at org.apache.maven.surefire.testng.TestNGExecutor.run(TestNGExecutor.java:295)
	at org.apache.maven.surefire.testng.TestNGXmlTestSuite.execute(TestNGXmlTestSuite.java:84)
	at org.apache.maven.surefire.testng.TestNGProvider.invoke(TestNGProvider.java:90)
	at org.apache.maven.surefire.booter.ForkedBooter.invokeProviderInSameClassLoader(ForkedBooter.java:203)
	at org.apache.maven.surefire.booter.ForkedBooter.runSuitesInProcess(ForkedBooter.java:155)
	at org.apache.maven.surefire.booter.ForkedBooter.main(ForkedBooter.java:103)
]]>
            </full-stacktrace>
          </exception> <!-- java.lang.NullPointerException -->
          <reporter-output>
          </reporter-output>
        </test-method> <!-- CreateLeadTC005 -->
      </class> <!-- vtiger.tests.LeadsTest -->
    </test> <!-- Test -->
  </suite> <!-- Suite -->
</testng-results>
